WARNING 2025-10-29 19:20:57,221 <string> 1 140001305004808 Django warning
ERROR 2025-10-29 19:20:57,221 <string> 1 140001305004808 Django error
WARNING 2025-10-29 19:26:31,294 <string> 1 140228170222344 TEST: Django WARNING - should appear in console and file
ERROR 2025-10-29 19:26:31,294 <string> 1 140228170222344 TEST: Django ERROR - should appear in console and file
ERROR 2025-10-29 19:26:31,295 <string> 1 140228170222344 TEST: Request ERROR - simulated 404 or 500 error
WARNING 2025-11-10 15:09:14,940 basehttp 63 140090823957304 "GET /favicon.ico HTTP/1.1" 404 3182
WARNING 2025-11-12 21:22:15,508 basehttp 17 140528101378872 "GET /favicon.ico HTTP/1.1" 404 3182
WARNING 2025-11-12 21:33:18,725 basehttp 187 139949416815416 "GET /favicon.ico HTTP/1.1" 404 3182
WARNING 2025-11-12 21:38:49,982 basehttp 187 139949416815416 "GET /favicon.ico HTTP/1.1" 404 3182
WARNING 2025-11-13 19:29:20,107 basehttp 23 140460672805688 "GET /favicon.ico HTTP/1.1" 404 3182
WARNING 2025-11-13 20:25:49,706 basehttp 23 140460672805688 "GET /.well-known/appspecific/com.chrome.devtools.json HTTP/1.1" 404 3293
WARNING 2025-11-13 20:32:36,565 basehttp 11 139656055659320 "GET /.well-known/appspecific/com.chrome.devtools.json HTTP/1.1" 404 3293
WARNING 2025-11-13 20:53:13,136 basehttp 11 139917469723448 "GET /.well-known/appspecific/com.chrome.devtools.json HTTP/1.1" 404 3293
WARNING 2025-11-13 20:54:03,887 basehttp 11 139917469723448 "GET /cities/ HTTP/1.1" 403 135
WARNING 2025-11-13 20:54:03,914 basehttp 11 139917469723448 "GET /.well-known/appspecific/com.chrome.devtools.json HTTP/1.1" 404 3293
WARNING 2025-11-13 20:54:06,560 basehttp 11 139917469723448 "GET /.well-known/appspecific/com.chrome.devtools.json HTTP/1.1" 404 3293
WARNING 2025-11-13 20:54:06,578 basehttp 11 139917469723448 "GET /.well-known/appspecific/com.chrome.devtools.json HTTP/1.1" 404 3293
WARNING 2025-11-13 20:54:49,887 basehttp 11 139917469723448 "GET /.well-known/appspecific/com.chrome.devtools.json HTTP/1.1" 404 3293
WARNING 2025-11-13 20:54:51,625 basehttp 11 139917468662584 "GET /.well-known/appspecific/com.chrome.devtools.json HTTP/1.1" 404 3293
WARNING 2025-11-13 20:54:51,641 basehttp 11 139917468662584 "GET /.well-known/appspecific/com.chrome.devtools.json HTTP/1.1" 404 3293
WARNING 2025-11-13 20:54:58,932 basehttp 11 139917468662584 "GET /.well-known/appspecific/com.chrome.devtools.json HTTP/1.1" 404 3293
WARNING 2025-11-13 20:55:00,343 basehttp 11 139917468662584 "GET /.well-known/appspecific/com.chrome.devtools.json HTTP/1.1" 404 3293
WARNING 2025-11-13 20:55:00,358 basehttp 11 139917468662584 "GET /.well-known/appspecific/com.chrome.devtools.json HTTP/1.1" 404 3293
WARNING 2025-11-13 20:55:04,413 basehttp 11 139917468662584 "GET /.well-known/appspecific/com.chrome.devtools.json HTTP/1.1" 404 3293
WARNING 2025-11-13 20:55:06,278 basehttp 11 139917468662584 "GET /.well-known/appspecific/com.chrome.devtools.json HTTP/1.1" 404 3293
WARNING 2025-11-13 20:55:07,720 basehttp 11 139917468662584 "GET /.well-known/appspecific/com.chrome.devtools.json HTTP/1.1" 404 3293
WARNING 2025-11-13 23:46:05,351 basehttp 11 140097825778488 "GET /favicon.ico HTTP/1.1" 404 3182
WARNING 2025-11-13 23:49:33,063 basehttp 11 140097825778488 "GET /cities/ HTTP/1.1" 403 135
WARNING 2025-11-13 23:57:38,527 basehttp 11 140097825778488 "GET /cities/ HTTP/1.1" 403 135
WARNING 2025-11-14 00:02:13,446 basehttp 11 140097825778488 "GET /cities/ HTTP/1.1" 403 135
WARNING 2025-11-14 00:02:15,623 basehttp 11 140097825778488 "GET /cities/ HTTP/1.1" 403 135
WARNING 2025-11-14 00:14:27,395 basehttp 11 140097825778488 "GET /cities/ HTTP/1.1" 403 135
WARNING 2025-11-14 00:50:29,347 basehttp 11 140097825778488 "GET /cities/edit/16467/ HTTP/1.1" 403 135
WARNING 2025-11-14 01:09:08,044 basehttp 1190 140037464615736 "GET /cities/edit/16467/ HTTP/1.1" 403 135
WARNING 2025-11-14 01:13:22,158 basehttp 1190 140037464615736 "GET /.well-known/appspecific/com.chrome.devtools.json HTTP/1.1" 404 3293
WARNING 2025-11-14 01:38:33,467 basehttp 1660 140203253685048 "GET /.well-known/appspecific/com.chrome.devtools.json HTTP/1.1" 404 3293
WARNING 2025-11-14 01:40:15,108 basehttp 1660 140203253685048 "GET /.well-known/appspecific/com.chrome.devtools.json HTTP/1.1" 404 3293
WARNING 2025-11-14 01:42:44,389 basehttp 1660 140203253685048 "GET /.well-known/appspecific/com.chrome.devtools.json HTTP/1.1" 404 3293
WARNING 2025-11-14 01:42:46,000 basehttp 1660 140203253685048 "GET /.well-known/appspecific/com.chrome.devtools.json HTTP/1.1" 404 3293
WARNING 2025-11-14 01:42:54,476 basehttp 1660 140203246480184 "GET /.well-known/appspecific/com.chrome.devtools.json HTTP/1.1" 404 3293
WARNING 2025-11-14 01:43:00,296 basehttp 1660 140203253685048 "GET /.well-known/appspecific/com.chrome.devtools.json HTTP/1.1" 404 3293
WARNING 2025-11-14 01:43:01,201 basehttp 1660 140203246480184 "GET /.well-known/appspecific/com.chrome.devtools.json HTTP/1.1" 404 3293
WARNING 2025-11-14 01:43:02,637 basehttp 1660 140203253685048 "GET /.well-known/appspecific/com.chrome.devtools.json HTTP/1.1" 404 3293
WARNING 2025-11-14 01:43:14,580 basehttp 1660 140203253685048 "GET /.well-known/appspecific/com.chrome.devtools.json HTTP/1.1" 404 3293
WARNING 2025-11-14 01:45:13,419 basehttp 1660 140203253685048 "GET /.well-known/appspecific/com.chrome.devtools.json HTTP/1.1" 404 3293
WARNING 2025-11-14 01:48:42,159 basehttp 1660 140203253685048 "GET /.well-known/appspecific/com.chrome.devtools.json HTTP/1.1" 404 3293
WARNING 2025-11-14 01:49:29,466 basehttp 1660 140203253685048 "GET /.well-known/appspecific/com.chrome.devtools.json HTTP/1.1" 404 3293
WARNING 2025-11-14 01:51:02,120 basehttp 1660 140203253685048 "GET /.well-known/appspecific/com.chrome.devtools.json HTTP/1.1" 404 3293
WARNING 2025-11-14 01:57:01,126 basehttp 1964 140688444713784 "GET /.well-known/appspecific/com.chrome.devtools.json HTTP/1.1" 404 3293
WARNING 2025-11-14 01:57:56,354 basehttp 1964 140688444713784 "GET /.well-known/appspecific/com.chrome.devtools.json HTTP/1.1" 404 3293
WARNING 2025-11-14 01:58:23,907 basehttp 1964 140688444713784 "GET /.well-known/appspecific/com.chrome.devtools.json HTTP/1.1" 404 3293
ERROR 2025-11-14 01:58:32,424 log 1964 140688444713784 Internal Server Error: /cities/api/seaf-data-by-state/
Traceback (most recent call last):
  File "/py/lib/python3.12/site-packages/django/core/handlers/exception.py", line 55, in inner
    response = get_response(request)
               ^^^^^^^^^^^^^^^^^^^^^
  File "/py/lib/python3.12/site-packages/django/core/handlers/base.py", line 197, in _get_response
    response = wrapped_callback(request, *callback_args, **callback_kwargs)
               ^^^^^^^^^^^^^^^^^^^^^^^^^^^^^^^^^^^^^^^^^^^^^^^^^^^^^^^^^^^^
  File "/app/apps/cities/views.py", line 148, in seaf_data_by_state_api
    state_code=models.F('immediate_region__intermediate_region__state__code'),
               ^^^^^^
NameError: name 'models' is not defined
ERROR 2025-11-14 01:58:32,426 basehttp 1964 140688444713784 "GET /cities/api/seaf-data-by-state/ HTTP/1.1" 500 63024
WARNING 2025-11-14 01:58:34,916 basehttp 1964 140688444713784 "GET /.well-known/appspecific/com.chrome.devtools.json HTTP/1.1" 404 3293
ERROR 2025-11-14 01:58:37,598 log 1964 140688444713784 Internal Server Error: /cities/api/seaf-data-by-state/
Traceback (most recent call last):
  File "/py/lib/python3.12/site-packages/django/core/handlers/exception.py", line 55, in inner
    response = get_response(request)
               ^^^^^^^^^^^^^^^^^^^^^
  File "/py/lib/python3.12/site-packages/django/core/handlers/base.py", line 197, in _get_response
    response = wrapped_callback(request, *callback_args, **callback_kwargs)
               ^^^^^^^^^^^^^^^^^^^^^^^^^^^^^^^^^^^^^^^^^^^^^^^^^^^^^^^^^^^^
  File "/app/apps/cities/views.py", line 148, in seaf_data_by_state_api
    state_code=models.F('immediate_region__intermediate_region__state__code'),
               ^^^^^^
NameError: name 'models' is not defined
ERROR 2025-11-14 01:58:37,600 basehttp 1964 140688444713784 "GET /cities/api/seaf-data-by-state/ HTTP/1.1" 500 63024
WARNING 2025-11-14 01:58:44,842 basehttp 1964 140688444713784 "GET /.well-known/appspecific/com.chrome.devtools.json HTTP/1.1" 404 3293
ERROR 2025-11-14 01:58:59,962 log 1964 140688444713784 Internal Server Error: /cities/api/seaf-data-by-state/
Traceback (most recent call last):
  File "/py/lib/python3.12/site-packages/django/core/handlers/exception.py", line 55, in inner
    response = get_response(request)
               ^^^^^^^^^^^^^^^^^^^^^
  File "/py/lib/python3.12/site-packages/django/core/handlers/base.py", line 197, in _get_response
    response = wrapped_callback(request, *callback_args, **callback_kwargs)
               ^^^^^^^^^^^^^^^^^^^^^^^^^^^^^^^^^^^^^^^^^^^^^^^^^^^^^^^^^^^^
  File "/app/apps/cities/views.py", line 148, in seaf_data_by_state_api
    state_code=models.F('immediate_region__intermediate_region__state__code'),
               ^^^^^^
NameError: name 'models' is not defined
ERROR 2025-11-14 01:58:59,964 basehttp 1964 140688444713784 "GET /cities/api/seaf-data-by-state/ HTTP/1.1" 500 63024
WARNING 2025-11-14 01:59:48,587 basehttp 2012 140548767849272 "GET /.well-known/appspecific/com.chrome.devtools.json HTTP/1.1" 404 3293
WARNING 2025-11-14 02:00:24,996 basehttp 2012 140548767849272 "GET /.well-known/appspecific/com.chrome.devtools.json HTTP/1.1" 404 3293
WARNING 2025-11-14 02:11:46,867 basehttp 2105 139822990732088 "GET /.well-known/appspecific/com.chrome.devtools.json HTTP/1.1" 404 3293
WARNING 2025-11-14 02:12:53,548 basehttp 2105 139822990732088 "GET /.well-known/appspecific/com.chrome.devtools.json HTTP/1.1" 404 3293
WARNING 2025-11-14 19:13:44,773 basehttp 11 140701954272056 "GET /favicon.ico HTTP/1.1" 404 3182
ERROR 2025-11-14 19:17:37,551 log 11 140701958331192 Internal Server Error: /cities/api/
Traceback (most recent call last):
  File "/py/lib/python3.12/site-packages/django/core/handlers/exception.py", line 55, in inner
    response = get_response(request)
               ^^^^^^^^^^^^^^^^^^^^^
  File "/py/lib/python3.12/site-packages/django/core/handlers/base.py", line 197, in _get_response
    response = wrapped_callback(request, *callback_args, **callback_kwargs)
               ^^^^^^^^^^^^^^^^^^^^^^^^^^^^^^^^^^^^^^^^^^^^^^^^^^^^^^^^^^^^
  File "/app/apps/cities/views.py", line 64, in city_api
    from apps.auth.models import UserPermission, GroupPermission, UserGroup
ImportError: cannot import name 'GroupPermission' from 'apps.auth.models' (/app/apps/auth/models.py)
ERROR 2025-11-14 19:17:37,552 basehttp 11 140701958331192 "GET /cities/api/ HTTP/1.1" 500 63373
WARNING 2025-11-14 19:26:06,233 basehttp 11 140474753739576 "GET /favicon.ico HTTP/1.1" 404 3182
WARNING 2025-11-17 13:31:00,313 basehttp 11 139704572705592 "GET /favicon.ico HTTP/1.1" 404 3182
WARNING 2025-11-17 13:31:40,067 basehttp 11 139704570596152 "GET /favicon.ico HTTP/1.1" 404 3182
WARNING 2025-11-17 13:58:55,454 basehttp 11 140626057386808 "GET /.well-known/appspecific/com.chrome.devtools.json HTTP/1.1" 404 3293
WARNING 2025-11-17 14:02:31,619 basehttp 11 140626049121080 "GET /.well-known/appspecific/com.chrome.devtools.json HTTP/1.1" 404 3293
WARNING 2025-11-17 14:03:25,898 basehttp 11 140626048060216 "GET /.well-known/appspecific/com.chrome.devtools.json HTTP/1.1" 404 3293
WARNING 2025-11-17 14:05:53,286 basehttp 11 140626045938488 "GET /.well-known/appspecific/com.chrome.devtools.json HTTP/1.1" 404 3293
WARNING 2025-11-17 14:06:08,005 basehttp 11 140626045938488 "GET /.well-known/appspecific/com.chrome.devtools.json HTTP/1.1" 404 3293
WARNING 2025-11-17 14:06:24,017 basehttp 11 140626049121080 "GET /.well-known/appspecific/com.chrome.devtools.json HTTP/1.1" 404 3293
WARNING 2025-11-17 14:06:30,684 basehttp 11 140626053327672 "GET /.well-known/appspecific/com.chrome.devtools.json HTTP/1.1" 404 3293
WARNING 2025-11-17 14:06:58,610 basehttp 11 140626053327672 "GET /.well-known/appspecific/com.chrome.devtools.json HTTP/1.1" 404 3293
WARNING 2025-11-17 14:07:10,731 basehttp 11 140626048060216 "GET /.well-known/appspecific/com.chrome.devtools.json HTTP/1.1" 404 3293
WARNING 2025-11-17 14:07:14,599 basehttp 11 140626053327672 "GET /.well-known/appspecific/com.chrome.devtools.json HTTP/1.1" 404 3293
WARNING 2025-11-17 14:07:27,712 basehttp 11 140626048060216 "GET /.well-known/appspecific/com.chrome.devtools.json HTTP/1.1" 404 3293
WARNING 2025-11-17 14:07:42,747 basehttp 11 140626048060216 "GET /.well-known/appspecific/com.chrome.devtools.json HTTP/1.1" 404 3293
WARNING 2025-11-17 14:11:11,047 basehttp 11 140626049121080 "GET /.well-known/appspecific/com.chrome.devtools.json HTTP/1.1" 404 3293
WARNING 2025-11-17 14:12:18,082 basehttp 11 140626049121080 "GET /.well-known/appspecific/com.chrome.devtools.json HTTP/1.1" 404 3293
WARNING 2025-11-17 14:12:40,237 basehttp 11 140626045938488 "GET /.well-known/appspecific/com.chrome.devtools.json HTTP/1.1" 404 3293
WARNING 2025-11-17 14:12:43,311 basehttp 11 140626045938488 "GET /.well-known/appspecific/com.chrome.devtools.json HTTP/1.1" 404 3293
WARNING 2025-11-17 14:12:48,155 basehttp 11 140626049121080 "GET /.well-known/appspecific/com.chrome.devtools.json HTTP/1.1" 404 3293
WARNING 2025-11-17 14:12:48,182 basehttp 11 140626049121080 "GET /.well-known/appspecific/com.chrome.devtools.json HTTP/1.1" 404 3293
WARNING 2025-11-17 14:12:48,927 basehttp 11 140626049121080 "GET /.well-known/appspecific/com.chrome.devtools.json HTTP/1.1" 404 3293
ERROR 2025-11-17 14:56:14,824 log 11 140626049121080 Internal Server Error: /cities/api/
Traceback (most recent call last):
  File "/py/lib/python3.12/site-packages/django/core/handlers/exception.py", line 55, in inner
    response = get_response(request)
               ^^^^^^^^^^^^^^^^^^^^^
  File "/py/lib/python3.12/site-packages/django/core/handlers/base.py", line 197, in _get_response
    response = wrapped_callback(request, *callback_args, **callback_kwargs)
               ^^^^^^^^^^^^^^^^^^^^^^^^^^^^^^^^^^^^^^^^^^^^^^^^^^^^^^^^^^^^
  File "/app/apps/cities/views.py", line 64, in city_api
    from apps.auth.models import UserPermission, GroupPermission, UserGroup
ImportError: cannot import name 'GroupPermission' from 'apps.auth.models' (/app/apps/auth/models.py)
ERROR 2025-11-17 14:56:14,826 basehttp 11 140626049121080 "GET /cities/api/ HTTP/1.1" 500 63609
ERROR 2025-11-17 14:56:24,118 log 11 140626049121080 Internal Server Error: /cities/api/
Traceback (most recent call last):
  File "/py/lib/python3.12/site-packages/django/core/handlers/exception.py", line 55, in inner
    response = get_response(request)
               ^^^^^^^^^^^^^^^^^^^^^
  File "/py/lib/python3.12/site-packages/django/core/handlers/base.py", line 197, in _get_response
    response = wrapped_callback(request, *callback_args, **callback_kwargs)
               ^^^^^^^^^^^^^^^^^^^^^^^^^^^^^^^^^^^^^^^^^^^^^^^^^^^^^^^^^^^^
  File "/app/apps/cities/views.py", line 64, in city_api
    from apps.auth.models import UserPermission, GroupPermission, UserGroup
ImportError: cannot import name 'GroupPermission' from 'apps.auth.models' (/app/apps/auth/models.py)
ERROR 2025-11-17 14:56:24,119 basehttp 11 140626049121080 "GET /cities/api/ HTTP/1.1" 500 63609
ERROR 2025-11-17 17:19:14,605 log 989 140666973072184 Internal Server Error: /cities/api/
Traceback (most recent call last):
  File "/py/lib/python3.12/site-packages/django/core/handlers/exception.py", line 55, in inner
    response = get_response(request)
               ^^^^^^^^^^^^^^^^^^^^^
  File "/py/lib/python3.12/site-packages/django/core/handlers/base.py", line 197, in _get_response
    response = wrapped_callback(request, *callback_args, **callback_kwargs)
               ^^^^^^^^^^^^^^^^^^^^^^^^^^^^^^^^^^^^^^^^^^^^^^^^^^^^^^^^^^^^
  File "/app/apps/cities/views.py", line 69, in city_api
    from apps.auth.models import UserPermission, GroupPermission, UserGroup
ImportError: cannot import name 'GroupPermission' from 'apps.auth.models' (/app/apps/auth/models.py)
ERROR 2025-11-17 17:19:14,606 basehttp 989 140666973072184 "GET /cities/api/ HTTP/1.1" 500 63346
WARNING 2025-11-17 19:41:05,853 basehttp 91 140679460936504 "GET /.well-known/appspecific/com.chrome.devtools.json HTTP/1.1" 404 3293
WARNING 2025-11-17 19:41:39,140 basehttp 1716 140230681697080 "GET /.well-known/appspecific/com.chrome.devtools.json HTTP/1.1" 404 3293
WARNING 2025-11-17 19:42:03,554 basehttp 1716 140230681697080 "GET /.well-known/appspecific/com.chrome.devtools.json HTTP/1.1" 404 3293
WARNING 2025-11-17 19:44:26,734 basehttp 1716 140230681697080 "GET /.well-known/appspecific/com.chrome.devtools.json HTTP/1.1" 404 3293
WARNING 2025-11-17 19:45:27,697 basehttp 1716 140230681697080 "GET /.well-known/appspecific/com.chrome.devtools.json HTTP/1.1" 404 3293
WARNING 2025-11-17 19:45:29,055 basehttp 1716 140230681697080 "GET /.well-known/appspecific/com.chrome.devtools.json HTTP/1.1" 404 3293
WARNING 2025-11-17 19:45:29,079 basehttp 1716 140230681697080 "GET /.well-known/appspecific/com.chrome.devtools.json HTTP/1.1" 404 3293
WARNING 2025-11-17 19:52:04,266 basehttp 1716 140230681697080 "GET /.well-known/appspecific/com.chrome.devtools.json HTTP/1.1" 404 3293
WARNING 2025-11-17 20:29:24,188 basehttp 2409 140578202524472 "GET /.well-known/appspecific/com.chrome.devtools.json HTTP/1.1" 404 3293
WARNING 2025-11-17 20:29:53,770 basehttp 2409 140578202524472 "GET /.well-known/appspecific/com.chrome.devtools.json HTTP/1.1" 404 3293
WARNING 2025-11-17 20:32:27,100 basehttp 2409 140578204646200 "GET /.well-known/appspecific/com.chrome.devtools.json HTTP/1.1" 404 3293
WARNING 2025-11-17 20:34:23,195 basehttp 2489 140642082335544 "GET /.well-known/appspecific/com.chrome.devtools.json HTTP/1.1" 404 3293
WARNING 2025-11-17 20:34:33,446 basehttp 2489 140642080213816 "GET /.well-known/appspecific/com.chrome.devtools.json HTTP/1.1" 404 3293
WARNING 2025-11-17 20:34:37,763 basehttp 2489 140642080213816 "GET /.well-known/appspecific/com.chrome.devtools.json HTTP/1.1" 404 3293
WARNING 2025-11-17 20:34:41,617 basehttp 2489 140642080213816 "GET /.well-known/appspecific/com.chrome.devtools.json HTTP/1.1" 404 3293
WARNING 2025-11-17 20:35:28,826 basehttp 2489 140642080213816 "GET /.well-known/appspecific/com.chrome.devtools.json HTTP/1.1" 404 3293
WARNING 2025-11-17 20:35:34,088 basehttp 2489 140642080213816 "GET /.well-known/appspecific/com.chrome.devtools.json HTTP/1.1" 404 3293
WARNING 2025-11-17 20:35:35,846 basehttp 2489 140642080213816 "GET /.well-known/appspecific/com.chrome.devtools.json HTTP/1.1" 404 3293
WARNING 2025-11-17 20:37:01,894 basehttp 2548 139998710180664 "GET /.well-known/appspecific/com.chrome.devtools.json HTTP/1.1" 404 3293
WARNING 2025-11-17 20:37:08,521 basehttp 2548 139998710180664 "GET /.well-known/appspecific/com.chrome.devtools.json HTTP/1.1" 404 3293
WARNING 2025-11-17 20:37:15,851 basehttp 2548 139998710180664 "GET /.well-known/appspecific/com.chrome.devtools.json HTTP/1.1" 404 3293
WARNING 2025-11-17 20:37:20,512 basehttp 2548 139998710180664 "GET /.well-known/appspecific/com.chrome.devtools.json HTTP/1.1" 404 3293
WARNING 2025-11-17 20:37:22,270 basehttp 2548 139998710180664 "GET /.well-known/appspecific/com.chrome.devtools.json HTTP/1.1" 404 3293
WARNING 2025-11-17 20:37:31,793 basehttp 2548 139998710180664 "GET /.well-known/appspecific/com.chrome.devtools.json HTTP/1.1" 404 3293
WARNING 2025-11-17 20:37:49,770 basehttp 2548 139998710180664 "GET /.well-known/appspecific/com.chrome.devtools.json HTTP/1.1" 404 3293
WARNING 2025-11-17 20:37:53,287 basehttp 2548 139998710180664 "GET /.well-known/appspecific/com.chrome.devtools.json HTTP/1.1" 404 3293
